[www.chezlartisan.ma/index.html]
[backblue.gif]
[fade.gif]
[index.html]
[www.chezlartisan.ma/wp-content/uploads/2019/09/Slider-02.jpg]
[www.chezlartisan.ma/wp-content/themes/lartisan/images/default/fav-32.png]
[www.chezlartisan.ma/wp-content/plugins/wpt-whatsapp/assets/css/public5bf8.css]
[www.chezlartisan.ma/wp-content/plugins/wpt-whatsapp/assets/css/auto-generated-wptwac8db.css]
[www.chezlartisan.ma/wp-content/plugins/contact-form-7/includes/css/styles4245.css]
[www.chezlartisan.ma/wp-content/themes/lartisan/css/ut.core.fonts.min080f.css]
[www.chezlartisan.ma/comments/feed/index.html]
[www.chezlartisan.ma/feed/index.html]
[www.chezlartisan.ma/wp-content/themes/lartisan/css/ut.core.plugins.min080f.css]
[www.chezlartisan.ma/wp-content/plugins/js_composer/assets/css/js_composer.mind3c7.css]
[www.chezlartisan.ma/wp-content/themes/lartisan/css/ut.shortcode.min080f.css]
[www.chezlartisan.ma/wp-content/themes/lartisan/css/ut.vc.shortcodes.min080f.css]
[www.chezlartisan.ma/wp-content/themes/lartisan/style37cb.css]
[www.chezlartisan.ma/wp-content/themes/lartisan/css/ut.theme.min37cb.css]
[www.chezlartisan.ma/wp-includes/js/jquery/jquery-migrate.mind617.js]
[www.chezlartisan.ma/wp-includes/js/jquery/jquery.minaf6c.js]
[www.chezlartisan.ma/wp-content/plugins/ut-shortcodes/js/plugins/modernizr/modernizr.min61da.js]
[www.chezlartisan.ma/wp-content/themes/lartisan/js/ut-scriptlibrary.min37cb.js]
[www.chezlartisan.ma/wp-content/plugins/revslider/public/assets/js/rs6.minb134.js]
[www.chezlartisan.ma/wp-json/index.html]
[www.chezlartisan.ma/wp-json/wp/v2/pages/529.json]
[www.chezlartisan.ma/xmlrpc0db0.php]
[www.chezlartisan.ma/wp-includes/wlwmanifest.xml]
[www.chezlartisan.ma/wp-json/oembed/1.0/embedce79.json]
[www.chezlartisan.ma/wp-json/oembed/1.0/embed27d2]
[www.chezlartisan.ma/wp-content/themes/lartisan/images/overlay-pattern.png]
[www.chezlartisan.ma/wp-content/themes/lartisan/images/overlay-pattern2.png]
[www.chezlartisan.ma/wp-content/themes/lartisan/images/overlay-pattern3.png]
[www.chezlartisan.ma/wp-content/themes/lartisan/images/circuit-board-pattern.svg]
[www.chezlartisan.ma/wp-content/uploads/2019/09/cropped-Fav-32x32.png]
[www.chezlartisan.ma/wp-content/uploads/2019/09/cropped-Fav-192x192.png]
[www.chezlartisan.ma/wp-content/uploads/2019/09/cropped-Fav-180x180.png]
[www.chezlartisan.ma/patisserie/index.html]
[chezlartisan.ma/wp-content/uploads/2019/09/Chez-Lartisan-Logo.png]
[www.chezlartisan.ma/boulangerie/index.html]
[www.chezlartisan.ma/contactez-nous/index.html]
[www.chezlartisan.ma/traiteur/index.html]
[www.chezlartisan.ma/wp-content/plugins/revslider/public/assets/css/rs6b134.css]
[www.chezlartisan.ma/wp-content/plugins/wpt-whatsapp/assets/js/public5bf8.js]
[www.chezlartisan.ma/wp-includes/js/dist/vendor/regenerator-runtime.minb36a.js]
[www.chezlartisan.ma/wp-includes/js/dist/vendor/wp-polyfill.min2c7c.js]
[www.chezlartisan.ma/wp-content/plugins/contact-form-7/includes/js/index4245.js]
[www.chezlartisan.ma/wp-content/plugins/ut-shortcodes/js/ut.scplugin.minc938.js]
[www.google.com/recaptcha/api1f63.js]
[www.chezlartisan.ma/wp-content/themes/lartisan/js/ut-init.min37cb.js]
[www.google.com/recaptcha/api3ee3.js]
[www.chezlartisan.ma/wp-content/plugins/contact-form-7/modules/recaptcha/index4245.js]
[www.chezlartisan.ma/wp-includes/js/wp-embed.min080f.js]
[www.google-analytics.com/analytics.js]
[www.chezlartisan.ma/index.html]
[www.chezlartisan.ma/wp-content/plugins/wpt-whatsapp/assets/images/logo-green-small.png]
[www.chezlartisan.ma/wp-content/plugins/wpt-whatsapp/assets/css/public5bf8.css]
[www.chezlartisan.ma/wp-content/plugins/wpt-whatsapp/assets/css/auto-generated-wptwac8db.css]
[www.chezlartisan.ma/wp-content/plugins/contact-form-7/includes/css/styles4245.css]
[www.chezlartisan.ma/wp-content/themes/lartisan/css/fonts/raleway-extralight-webfontd41d.eot]
[www.chezlartisan.ma/wp-content/themes/lartisan/css/fonts/raleway-extralight-webfont.woff]
[www.chezlartisan.ma/wp-content/themes/lartisan/css/fonts/raleway-extralight-webfont.ttf]
[www.chezlartisan.ma/wp-content/themes/lartisan/css/fonts/raleway-extralight-webfont.svg]
[www.chezlartisan.ma/wp-content/themes/lartisan/css/fonts/raleway-light-webfont.woff]
[www.chezlartisan.ma/wp-content/themes/lartisan/css/fonts/raleway-light-webfont.ttf]
[www.chezlartisan.ma/wp-content/themes/lartisan/css/fonts/raleway-light-webfont.svg]
[www.chezlartisan.ma/wp-content/themes/lartisan/css/fonts/raleway-regular-webfont.eot]
[www.chezlartisan.ma/wp-content/themes/lartisan/css/fonts/raleway-regular-webfontd41d.eot]
[www.chezlartisan.ma/wp-content/themes/lartisan/css/fonts/raleway-regular-webfont.woff]
[www.chezlartisan.ma/wp-content/themes/lartisan/css/fonts/raleway-regular-webfont.ttf]
[www.chezlartisan.ma/wp-content/themes/lartisan/css/fonts/raleway-regular-webfont.svg]
[www.chezlartisan.ma/wp-content/themes/lartisan/css/fonts/raleway-medium-webfont.eot]
[www.chezlartisan.ma/wp-content/themes/lartisan/css/fonts/raleway-medium-webfontd41d.eot]
[www.chezlartisan.ma/wp-content/themes/lartisan/css/fonts/raleway-medium-webfont.woff]
[www.chezlartisan.ma/wp-content/themes/lartisan/css/fonts/raleway-medium-webfont.ttf]
[www.chezlartisan.ma/wp-content/themes/lartisan/css/fonts/raleway-medium-webfont.svg]
[www.chezlartisan.ma/wp-content/themes/lartisan/css/fonts/raleway-semibold-webfont.eot]
[www.chezlartisan.ma/wp-content/themes/lartisan/css/fonts/raleway-semibold-webfontd41d.eot]
[www.chezlartisan.ma/wp-content/themes/lartisan/css/fonts/raleway-semibold-webfont.woff]
[www.chezlartisan.ma/wp-content/themes/lartisan/css/fonts/raleway-semibold-webfont.ttf]
[www.chezlartisan.ma/wp-content/themes/lartisan/css/fonts/raleway-semibold-webfont.svg]
[www.chezlartisan.ma/wp-content/themes/lartisan/css/fonts/raleway-bold-webfont.eot]
[www.chezlartisan.ma/wp-content/themes/lartisan/css/fonts/raleway-bold-webfontd41d.eot]
[www.chezlartisan.ma/wp-content/themes/lartisan/css/fonts/raleway-bold-webfont.woff]
[www.chezlartisan.ma/wp-content/themes/lartisan/css/fonts/raleway-bold-webfont.ttf]
[www.chezlartisan.ma/wp-content/themes/lartisan/css/fonts/raleway-bold-webfont.svg]
[www.chezlartisan.ma/wp-content/themes/lartisan/css/fonts/icon54com17e1.eot]
[www.chezlartisan.ma/wp-content/themes/lartisan/css/fonts/icon54com17e1.ttf]
[www.chezlartisan.ma/wp-content/themes/lartisan/css/fonts/icon54com17e1.woff]
[www.chezlartisan.ma/wp-content/themes/lartisan/css/fonts/icon54com17e1.svg]
[www.chezlartisan.ma/wp-content/themes/lartisan/css/fonts/Brooklyn-Core12a3.ttf]
[www.chezlartisan.ma/wp-content/themes/lartisan/css/fonts/Brooklyn-Core12a3.woff]
[www.chezlartisan.ma/wp-content/themes/lartisan/css/fonts/Brooklyn-Core12a3.svg]
[www.chezlartisan.ma/wp-content/themes/lartisan/css/fonts/Brooklyn-WooCommerce6f8e.ttf]
[www.chezlartisan.ma/wp-content/themes/lartisan/css/fonts/Brooklyn-WooCommerce6f8e.woff]
[www.chezlartisan.ma/wp-content/themes/lartisan/css/fonts/Brooklyn-WooCommerce6f8e.svg]
[www.chezlartisan.ma/wp-content/themes/lartisan/css/fontawesome/fontawesome-webfont3e6e.eot]
[www.chezlartisan.ma/wp-content/themes/lartisan/css/fontawesome/fontawesome-webfontd41d.eot]
[www.chezlartisan.ma/wp-content/themes/lartisan/css/fontawesome/fontawesome-webfont3e6e.woff2]
[www.chezlartisan.ma/wp-content/themes/lartisan/css/fontawesome/fontawesome-webfont3e6e.ttf]
[www.chezlartisan.ma/wp-content/themes/lartisan/css/ut.core.fonts.min080f.css]
[www.chezlartisan.ma/wp-content/themes/lartisan/images/ut-misc-bg.jpg]
[www.chezlartisan.ma/wp-content/themes/lartisan/css/ut.core.plugins.min080f.css]
[www.chezlartisan.ma/wp-content/plugins/js_composer/assets/vc/alert.png]
[www.chezlartisan.ma/wp-content/themes/lartisan/css/fontawesome/fontawesome-webfont3e6e.svg]
[www.chezlartisan.ma/wp-content/plugins/js_composer/assets/vc/info.png]
[www.chezlartisan.ma/wp-content/plugins/js_composer/assets/vc/tick.png]
[www.chezlartisan.ma/wp-content/plugins/js_composer/assets/vc/exclamation.png]
[www.chezlartisan.ma/wp-content/plugins/js_composer/assets/images/icons/address-book.png]
[www.chezlartisan.ma/wp-content/plugins/js_composer/assets/images/icons/alarm-clock.png]
[www.chezlartisan.ma/wp-content/plugins/js_composer/assets/images/icons/anchor.png]
[www.chezlartisan.ma/wp-content/plugins/js_composer/assets/images/icons/application-image.png]
[www.chezlartisan.ma/wp-content/plugins/js_composer/assets/images/icons/arrow.png]
[www.chezlartisan.ma/wp-content/plugins/js_composer/assets/images/icons/asterisk.png]
[www.chezlartisan.ma/wp-content/plugins/js_composer/assets/images/icons/auction-hammer.png]
[www.chezlartisan.ma/wp-content/plugins/js_composer/assets/images/icons/balloon.png]
[www.chezlartisan.ma/wp-content/plugins/js_composer/assets/images/icons/balloon-buzz.png]
[www.chezlartisan.ma/wp-content/plugins/js_composer/assets/images/icons/balloon-facebook.png]
[www.chezlartisan.ma/wp-content/plugins/js_composer/assets/images/icons/balloon-twitter.png]
[www.chezlartisan.ma/wp-content/plugins/js_composer/assets/images/icons/battery-full.png]
[www.chezlartisan.ma/wp-content/plugins/js_composer/assets/images/icons/binocular.png]
[www.chezlartisan.ma/wp-content/plugins/js_composer/assets/images/icons/blue-document-excel.png]
[www.chezlartisan.ma/wp-content/plugins/js_composer/assets/images/icons/blue-document-image.png]
[www.chezlartisan.ma/wp-content/plugins/js_composer/assets/images/icons/blue-document-music.png]
[www.chezlartisan.ma/wp-content/plugins/js_composer/assets/images/icons/blue-document-office.png]
[www.chezlartisan.ma/wp-content/plugins/js_composer/assets/images/icons/blue-document-pdf.png]
[www.chezlartisan.ma/wp-content/plugins/js_composer/assets/images/icons/blue-document-powerpoint.png]
[www.chezlartisan.ma/wp-content/plugins/js_composer/assets/images/icons/blue-document-word.png]
[www.chezlartisan.ma/wp-content/plugins/js_composer/assets/images/icons/bookmark.png]
[www.chezlartisan.ma/wp-content/plugins/js_composer/assets/images/icons/camcorder.png]
[www.chezlartisan.ma/wp-content/plugins/js_composer/assets/images/icons/camera.png]
[www.chezlartisan.ma/wp-content/plugins/js_composer/assets/images/icons/chart.png]
[www.chezlartisan.ma/wp-content/plugins/js_composer/assets/images/icons/chart-pie.png]
[www.chezlartisan.ma/wp-content/plugins/js_composer/assets/images/icons/clock.png]
[www.chezlartisan.ma/wp-content/plugins/js_composer/assets/images/icons/control.png]
[www.chezlartisan.ma/wp-content/plugins/js_composer/assets/images/icons/fire.png]
[www.chezlartisan.ma/wp-content/plugins/js_composer/assets/images/icons/heart.png]
[www.chezlartisan.ma/wp-content/plugins/js_composer/assets/images/icons/mail.png]
[www.chezlartisan.ma/wp-content/plugins/js_composer/assets/images/icons/plus-shield.png]
[www.chezlartisan.ma/wp-content/plugins/js_composer/assets/images/icons/video.png]
[www.chezlartisan.ma/wp-content/plugins/js_composer/assets/fonts/vc_icons_v2/fonts/vcpb-plugin-iconsb82a.eot]
[www.chezlartisan.ma/wp-content/plugins/js_composer/assets/fonts/vc_icons_v2/fonts/vcpb-plugin-iconsb82a.ttf]
[www.chezlartisan.ma/wp-content/plugins/js_composer/assets/fonts/vc_icons_v2/fonts/vcpb-plugin-iconsb82a.woff]
[www.chezlartisan.ma/wp-content/plugins/js_composer/assets/fonts/vc_icons_v2/fonts/vcpb-plugin-iconsb82a.svg]
[www.chezlartisan.ma/wp-content/plugins/js_composer/assets/images/toggle_open.png]
[www.chezlartisan.ma/wp-content/plugins/js_composer/assets/images/toggle_close.png]
[www.chezlartisan.ma/wp-content/plugins/js_composer/assets/images/flickr.png]
[www.chezlartisan.ma/wp-content/plugins/js_composer/assets/fonts/vc_grid/vc_grid_v157a1.eot]
[www.chezlartisan.ma/wp-content/plugins/js_composer/assets/fonts/vc_grid/vc_grid_v1d41d.eot]
[www.chezlartisan.ma/wp-content/plugins/js_composer/assets/fonts/vc_grid/vc_grid_v157a1.woff]
[www.chezlartisan.ma/wp-content/plugins/js_composer/assets/fonts/vc_grid/vc_grid_v157a1.ttf]
[www.chezlartisan.ma/wp-content/plugins/js_composer/assets/fonts/vc_grid/vc_grid_v157a1.svg]
[www.chezlartisan.ma/wp-content/plugins/js_composer/assets/images/spinner.gif]
[www.chezlartisan.ma/wp-content/plugins/js_composer/assets/vc/remove.png]
[www.chezlartisan.ma/wp-content/plugins/js_composer/assets/css/js_composer.mind3c7.css]
[www.chezlartisan.ma/wp-content/themes/lartisan/css/ut.shortcode.min080f.css]
[www.chezlartisan.ma/wp-content/themes/lartisan/images/divider/divider1.png]
[www.chezlartisan.ma/wp-content/themes/lartisan/images/divider/divider2.png]
[www.chezlartisan.ma/wp-content/themes/lartisan/images/divider/divider3.png]
[www.chezlartisan.ma/wp-content/themes/lartisan/images/divider/divider4.png]
[www.chezlartisan.ma/wp-content/themes/lartisan/images/divider/divider5.png]
[www.chezlartisan.ma/wp-content/themes/lartisan/images/divider/divider6.png]
[www.chezlartisan.ma/wp-content/themes/lartisan/images/divider/divider7.png]
[www.chezlartisan.ma/wp-content/themes/lartisan/images/divider/divider8.png]
[www.chezlartisan.ma/wp-content/themes/lartisan/images/divider/divider9.png]
[www.chezlartisan.ma/wp-content/themes/lartisan/images/divider/divider10.png]
[www.chezlartisan.ma/wp-content/themes/lartisan/images/divider/divider11.png]
[www.chezlartisan.ma/wp-content/themes/lartisan/images/divider/divider12.png]
[www.chezlartisan.ma/wp-content/themes/lartisan/images/divider/divider13.png]
[www.chezlartisan.ma/wp-content/themes/lartisan/images/divider/divider14.png]
[www.chezlartisan.ma/wp-content/themes/lartisan/images/divider/divider15.png]
[www.chezlartisan.ma/wp-content/themes/lartisan/images/divider/divider16.png]
[www.chezlartisan.ma/wp-content/themes/lartisan/images/divider/divider17.png]
[www.chezlartisan.ma/wp-content/themes/lartisan/images/divider/divider18.png]
[www.chezlartisan.ma/wp-content/themes/lartisan/images/divider/divider19.png]
[www.chezlartisan.ma/wp-content/themes/lartisan/images/divider/divider20.png]
[www.chezlartisan.ma/wp-content/themes/lartisan/css/ut.vc.shortcodes.min080f.css]
[www.chezlartisan.ma/wp-content/themes/lartisan/images/divider.png]
[www.chezlartisan.ma/wp-content/themes/lartisan/images/pad_white.png]
[www.chezlartisan.ma/wp-content/themes/lartisan/images/pad_black.png]
[www.chezlartisan.ma/wp-content/themes/lartisan/images/loaders/ajax-loader.gif]
[www.chezlartisan.ma/wp-content/themes/lartisan/style37cb.css]
[www.chezlartisan.ma/wp-content/themes/lartisan/css/ut.theme.min37cb.css]
[www.chezlartisan.ma/wp-content/themes/lartisan/images/circuit-board-pattern.svg]
[www.chezlartisan.ma/wp-content/themes/lartisan/images/mediaelement/mejs-controls.svg]
[chezlartisan.ma/wp-content/uploads/2019/09/bakery-bg.jpg]
[www.chezlartisan.ma/wp-content/plugins/revslider/public/assets/js/rbtools.minb134.js]
[www.chezlartisan.ma/wp-content/themes/lartisan/js/jquery.queryloader2.min5b0a.js]
[www.chezlartisan.ma/xmlrpc.php]
[www.chezlartisan.ma/wp-json/wp/v2/pages/10.json]
[www.chezlartisan.ma/wp-json/oembed/1.0/embed7d37.json]
[www.chezlartisan.ma/wp-json/oembed/1.0/embed844e]
[www.chezlartisan.ma/wp-content/uploads/2019/09/BAGUETTE-CLASSIQUE-039-870x524.jpg]
[www.chezlartisan.ma/wp-content/uploads/2019/09/boulangerie-14-870x524.jpg]
[www.chezlartisan.ma/wp-content/uploads/2019/09/PHOTO-N15-1400764408-870x524.jpg]
[www.chezlartisan.ma/wp-content/uploads/2019/09/1Qualit‚-870x524.jpg]
[www.chezlartisan.ma/wp-content/uploads/2019/09/smoke-signals-bread-8-1920x1080.jpg]
[www.chezlartisan.ma/boulangerie/index.html]
[chezlartisan.ma/wp-content/uploads/2019/10/pastry-bg.jpg]
[www.chezlartisan.ma/wp-json/wp/v2/pages/612.json]
[www.chezlartisan.ma/wp-json/oembed/1.0/embedc369.json]
[www.chezlartisan.ma/wp-json/oembed/1.0/embedeebd]
[www.chezlartisan.ma/wp-content/uploads/2019/10/anastasiia-ostapovych-SVTxeIZi24k-unsplash-1440x1080.jpg]
[www.chezlartisan.ma/wp-content/uploads/2019/10/dane-deaner-ItlXx6vWON4-unsplash-1350x1080.jpg]
[www.chezlartisan.ma/wp-content/uploads/2019/10/matthew-t-rader-kkigqVVMsd0-unsplash-1620x1080.jpg]
[www.chezlartisan.ma/wp-content/uploads/2019/10/mink-mingle-qZ5lPCPvdXE-unsplash-1620x1080.jpg]
[www.chezlartisan.ma/wp-content/uploads/2019/10/BIHC2972-min.jpg]
[www.chezlartisan.ma/wp-content/uploads/2019/10/CXBD5632-min.jpg]
[www.chezlartisan.ma/wp-content/uploads/2019/10/FQSF6972-min.jpg]
[www.chezlartisan.ma/wp-content/uploads/2019/10/GCHT8474-min.jpg]
[www.chezlartisan.ma/wp-content/uploads/2019/10/GJDX3855-min.jpg]
[www.chezlartisan.ma/wp-content/uploads/2019/10/JUEB0418-min.jpg]
[www.chezlartisan.ma/wp-content/uploads/2019/10/LMFJ7904-min.jpg]
[www.chezlartisan.ma/wp-content/uploads/2019/10/LPMP6813-min.jpg]
[www.chezlartisan.ma/wp-content/uploads/2019/10/NUGX2442-min.jpg]
[www.chezlartisan.ma/wp-content/uploads/2019/10/HJXZ3623-min.jpg]
[www.chezlartisan.ma/wp-content/uploads/2019/10/PXOW0394-min.jpg]
[www.chezlartisan.ma/wp-content/uploads/2019/10/SXCT3484-min.jpg]
[www.chezlartisan.ma/wp-content/uploads/2019/10/TYUX8512-min.jpg]
[www.chezlartisan.ma/wp-content/uploads/2019/10/WSMV5927-min.jpg]
[www.chezlartisan.ma/wp-content/uploads/2019/10/WSPQ4706-min.jpg]
[www.chezlartisan.ma/wp-content/uploads/2019/10/YJYC8472-min.jpg]
[www.chezlartisan.ma/patisserie/index.html]
[chezlartisan.ma/wp-content/uploads/2019/10/catering-bg.jpg]
[www.chezlartisan.ma/wp-json/wp/v2/pages/615.json]
[www.chezlartisan.ma/wp-json/oembed/1.0/embed0dcf.json]
[www.chezlartisan.ma/wp-json/oembed/1.0/embed22fd]
[www.chezlartisan.ma/wp-content/uploads/2019/10/the-digital-marketing-collaboration-77GZ3IowVkc-unsplash-1620x1080.jpg]
[www.chezlartisan.ma/wp-content/uploads/2019/10/dylan-nolte-D09rH5sTw4-unsplash-1620x1080.jpg]
[www.chezlartisan.ma/wp-content/uploads/2019/10/katarzyna-pracuch-V98W_4pCrVA-unsplash-1738x1080.jpg]
[www.chezlartisan.ma/wp-content/uploads/2019/10/medina-catering-VfJTwPwbFTk-unsplash-1620x1080.jpg]
[www.chezlartisan.ma/wp-content/uploads/2019/10/roni-herdyanzah-no9PEmOHznE-unsplash-1620x1080.jpg]
[www.chezlartisan.ma/traiteur/index.html]
[www.chezlartisan.ma/wp-content/themes/lartisan/js/mobileevents/jquery.mobile-events.min001e.js]
[chezlartisan.ma/wp-content/uploads/2019/09/contact-bg.jpg]
[www.chezlartisan.ma/wp-json/wp/v2/pages/20.json]
[www.chezlartisan.ma/wp-json/oembed/1.0/embedaa42.json]
[www.chezlartisan.ma/contactez-nous/index.html]
[www.chezlartisan.ma/wp-json/oembed/1.0/embed1d98]
[www.chezlartisan.ma/wp-content/plugins/revslider/public/assets/fonts/revicons/revicons90c6.eot]
[www.chezlartisan.ma/wp-content/plugins/revslider/public/assets/fonts/revicons/revicons90c6.woff]
[www.chezlartisan.ma/wp-content/plugins/revslider/public/assets/fonts/revicons/revicons90c6.ttf]
[www.chezlartisan.ma/wp-content/plugins/revslider/public/assets/fonts/revicons/revicons90c6.svg]
[www.chezlartisan.ma/wp-content/plugins/revslider/public/assets/assets/gridtile.png]
[www.chezlartisan.ma/wp-content/plugins/revslider/public/assets/assets/gridtile_white.png]
[www.chezlartisan.ma/wp-content/plugins/revslider/public/assets/assets/gridtile_3x3.png]
[www.chezlartisan.ma/wp-content/plugins/revslider/public/assets/assets/gridtile_3x3_white.png]
[www.chezlartisan.ma/wp-content/plugins/revslider/public/assets/assets/coloredbg.png]
[www.chezlartisan.ma/wp-content/plugins/revslider/public/assets/assets/loader.gif]
[www.chezlartisan.ma/wp-content/plugins/revslider/public/assets/css/rs6b134.css]
[www.chezlartisan.ma/wp-content/themes/lartisan/css/fonts/raleway-extralight-webfont.svg]
[www.chezlartisan.ma/wp-content/themes/lartisan/css/fonts/raleway-light-webfont.svg]
[www.chezlartisan.ma/wp-content/themes/lartisan/css/fonts/raleway-regular-webfont.svg]
[www.chezlartisan.ma/wp-content/themes/lartisan/css/fonts/raleway-medium-webfont.svg]
[www.chezlartisan.ma/wp-content/themes/lartisan/css/fonts/raleway-extralight-webfont.eot]
[www.chezlartisan.ma/wp-content/themes/lartisan/css/fonts/raleway-semibold-webfont.svg]
[www.chezlartisan.ma/wp-content/themes/lartisan/css/fonts/raleway-bold-webfont.svg]
[www.chezlartisan.ma/wp-content/themes/lartisan/css/fonts/icon54com17e1.svg]
[www.chezlartisan.ma/wp-content/themes/lartisan/css/fonts/Brooklyn-Core12a3.svg]
[www.chezlartisan.ma/wp-content/themes/lartisan/css/fonts/Brooklyn-WooCommerce6f8e.svg]
[www.chezlartisan.ma/wp-content/plugins/js_composer/assets/js/dist/js_composer_front.mind3c7.js]
[www.chezlartisan.ma/wp-content/themes/lartisan/css/fontawesome/fontawesome-webfont3e6e.svg]
[www.chezlartisan.ma/wp-content/plugins/js_composer/assets/fonts/vc_icons_v2/fonts/vcpb-plugin-iconsb82a.svg]
[www.chezlartisan.ma/wp-content/plugins/js_composer/assets/vc/blur.svg]
[www.chezlartisan.ma/wp-content/plugins/js_composer/assets/fonts/vc_grid/vc_grid_v157a1.svg]
[www.chezlartisan.ma/wp-content/themes/lartisan/images/mediaelement/mejs-controls.svg]
[www.chezlartisan.ma/xmlrpc.html]
[www.chezlartisan.ma/index64b4.html]
[www.chezlartisan.ma/index4494.html]
[www.chezlartisan.ma/wp-content/uploads/2019/10/QERU4871-min.jpg]
[www.chezlartisan.ma/wp-content/uploads/2019/10/timothy-muza-Jw4rKiZFiSM-unsplash-1618x1080.jpg]
[www.chezlartisan.ma/wp-content/themes/lartisan/css/fontawesome/fontawesome-webfont3e6e.woff]
[www.chezlartisan.ma/wp-content/themes/lartisan/css/fonts/raleway-light-webfontd41d.eot]
[www.chezlartisan.ma/index2f7a.html]
[www.chezlartisan.ma/index341b.html]
[www.chezlartisan.ma/wp-content/plugins/revslider/public/assets/fonts/revicons/revicons90c6.svg]
[www.chezlartisan.ma/wp-content/plugins/revslider/public/assets/css/openhand.html]
[www.chezlartisan.ma/wp-content/plugins/revslider/public/assets/css/closedhand.html]
[www.chezlartisan.ma/wp-content/themes/lartisan/css/fonts/raleway-light-webfont.eot]
